2025-07-25 18:49:37,169 - discord.client - INFO - logging in using static token
2025-07-25 18:49:38,055 - discord.gateway - INFO - Shard ID None has connected to Gateway (Session ID: 31794bd9226bf9c543aeacadc0e8415f).
2025-07-25 18:49:40,061 - __main__ - INFO - BRODAN#4765 has connected to Discord!
2025-07-25 18:49:40,061 - __main__ - INFO - Bot is in 1 servers
2025-07-25 18:56:40,616 - discord.client - INFO - logging in using static token
2025-07-25 18:56:41,456 - discord.gateway - INFO - Shard ID None has connected to Gateway (Session ID: 21e755877f12c08496b097c14c5893d1).
2025-07-25 18:56:43,461 - __main__ - INFO - BRODAN#4765 has connected to Discord!
2025-07-25 18:56:43,461 - __main__ - INFO - Bot is in 1 servers
2025-07-25 18:56:43,463 - discord.voice_state - INFO - Connecting to voice...
2025-07-25 18:56:43,463 - discord.voice_state - INFO - Starting voice handshake... (connection attempt 1)
2025-07-25 18:56:43,660 - discord.voice_state - INFO - Voice handshake complete. Endpoint found: c-ewr11-75f3d9c6.discord.media
2025-07-25 18:56:43,906 - discord.voice_state - INFO - Voice connection complete.
2025-07-25 18:56:43,907 - __main__ - INFO - Successfully joined voice channel "blindr" in Delta Greenhorns
2025-07-25 19:16:57,231 - discord.client - INFO - logging in using static token
2025-07-25 19:16:57,731 - discord.gateway - INFO - Shard ID None has sent the IDENTIFY payload.
2025-07-25 19:16:57,899 - discord.gateway - INFO - Shard ID None has connected to Gateway: ["gateway-prd-us-east1-b-6dl6",{"micros":93401,"calls":["id_created",{"micros":937,"calls":[]},"session_lookup_time",{"micros":1332,"calls":[]},"session_lookup_finished",{"micros":13,"calls":[]},"discord-sessions-prd-2-184",{"micros":90870,"calls":["start_session",{"micros":84811,"calls":["discord-api-rpc-6b75696855-2nmlq",{"micros":64135,"calls":["get_user",{"micros":6539},"get_guilds",{"micros":10493},"send_scheduled_deletion_message",{"micros":12},"guild_join_requests",{"micros":3},"authorized_ip_coro",{"micros":9},"pending_payments",{"micros":8996},"apex_experiments",{"micros":4133},"user_activities",{"micros":4},"played_application_ids",{"micros":6}]}]},"starting_guild_connect",{"micros":50,"calls":[]},"presence_started",{"micros":323,"calls":[]},"guilds_started",{"micros":42,"calls":[]},"lobbies_started",{"micros":1,"calls":[]},"guilds_connect",{"micros":1,"calls":[]},"presence_connect",{"micros":5616,"calls":[]},"connect_finished",{"micros":5620,"calls":[]},"build_ready",{"micros":21,"calls":[]},"clean_ready",{"micros":0,"calls":[]},"optimize_ready",{"micros":1,"calls":[]},"split_ready",{"micros":0,"calls":[]}]}]}] (Session ID: fb241e91651d2b9fe8a90da168e7d482).
2025-07-25 19:16:59,938 - __main__ - INFO - BRODAN#4765 has connected to Discord!
2025-07-25 19:16:59,938 - __main__ - INFO - Bot is in 1 servers
2025-07-25 19:16:59,938 - discord.voice_client - INFO - Connecting to voice...
2025-07-25 19:16:59,938 - discord.voice_client - INFO - Starting voice handshake... (connection attempt 1)
2025-07-25 19:17:00,077 - discord.voice_client - INFO - Voice handshake complete. Endpoint found c-ewr11-75f3d9c6.discord.media
2025-07-25 19:17:00,263 - discord.gateway - INFO - selected the voice protocol for use (xsalsa20_poly1305_lite)
2025-07-25 19:17:00,289 - discord.gateway - INFO - received secret key for voice connection
2025-07-25 19:17:00,289 - __main__ - INFO - Successfully joined voice channel "blindr" in Delta Greenhorns
2025-07-25 19:18:55,435 - discord.client - INFO - logging in using static token
2025-07-25 19:18:55,925 - discord.gateway - INFO - Shard ID None has sent the IDENTIFY payload.
2025-07-25 19:18:56,229 - discord.gateway - INFO - Shard ID None has connected to Gateway: ["gateway-prd-us-east1-c-45h3",{"micros":257308,"calls":["id_created",{"micros":570,"calls":[]},"session_lookup_time",{"micros":304,"calls":[]},"session_lookup_finished",{"micros":16,"calls":[]},"discord-sessions-prd-2-95",{"micros":256092,"calls":["start_session",{"micros":242819,"calls":["discord-api-rpc-6b75696855-5pz99",{"micros":188295,"calls":["get_user",{"micros":36673},"get_guilds",{"micros":29866},"send_scheduled_deletion_message",{"micros":11},"guild_join_requests",{"micros":9012},"authorized_ip_coro",{"micros":9},"pending_payments",{"micros":9774},"apex_experiments",{"micros":6539},"user_activities",{"micros":5},"played_application_ids",{"micros":10}]}]},"starting_guild_connect",{"micros":42,"calls":[]},"presence_started",{"micros":282,"calls":[]},"guilds_started",{"micros":66,"calls":[]},"lobbies_started",{"micros":1,"calls":[]},"guilds_connect",{"micros":1,"calls":[]},"presence_connect",{"micros":12842,"calls":[]},"connect_finished",{"micros":12854,"calls":[]},"build_ready",{"micros":26,"calls":[]},"clean_ready",{"micros":1,"calls":[]},"optimize_ready",{"micros":0,"calls":[]},"split_ready",{"micros":0,"calls":[]}]}]}] (Session ID: e38f15b752005a9e30b5af690a6d944c).
2025-07-25 19:18:58,149 - __main__ - WARNING - Bot was disconnected from voice channel, attempting to reconnect...
2025-07-25 19:18:58,149 - discord.voice_client - INFO - Connecting to voice...
2025-07-25 19:18:58,149 - discord.voice_client - INFO - Starting voice handshake... (connection attempt 1)
2025-07-25 19:18:58,234 - __main__ - INFO - BRODAN#4765 has connected to Discord!
2025-07-25 19:18:58,234 - __main__ - INFO - Bot is in 1 servers
2025-07-25 19:18:58,235 - __main__ - ERROR - Failed to join voice channel "blindr" in Delta Greenhorns: Already connected to a voice channel.
2025-07-25 19:18:58,235 - __main__ - WARNING - Voice channel "blindr" not found in any server
2025-07-25 19:18:58,341 - discord.voice_client - INFO - Voice handshake complete. Endpoint found c-ewr11-75f3d9c6.discord.media
2025-07-25 19:18:58,514 - discord.gateway - INFO - selected the voice protocol for use (xsalsa20_poly1305_lite)
2025-07-25 19:18:58,537 - discord.gateway - INFO - received secret key for voice connection
2025-07-25 19:18:58,538 - __main__ - INFO - Successfully joined voice channel "blindr" in Delta Greenhorns
